{"/home/iut45/Etudiants/o22201947/Documents/Prog_Avance/realtime-elo-ranker/apps/realtime-elo-ranker-server/src/app.controller.ts": {"path":"/home/iut45/Etudiants/o22201947/Documents/Prog_Avance/realtime-elo-ranker/apps/realtime-elo-ranker-server/src/app.controller.ts","statementMap":{"0":{"start":{"line":1,"column":0},"end":{"line":1,"column":49}},"1":{"start":{"line":2,"column":0},"end":{"line":2,"column":43}},"2":{"start":{"line":5,"column":7},"end":{"line":14,"column":null}},"3":{"start":{"line":6,"column":31},"end":{"line":6,"column":43}},"4":{"start":{"line":10,"column":4},"end":{"line":10,"column":38}},"5":{"start":{"line":5,"column":13},"end":{"line":5,"column":26}},"6":{"start":{"line":9,"column":2},"end":{"line":11,"column":null}},"7":{"start":{"line":5,"column":13},"end":{"line":14,"column":null}}},"fnMap":{"0":{"name":"(anonymous_2)","decl":{"start":{"line":6,"column":2},"end":{"line":6,"column":31}},"loc":{"start":{"line":6,"column":53},"end":{"line":6,"column":57}}},"1":{"name":"(anonymous_3)","decl":{"start":{"line":9,"column":2},"end":{"line":9,"column":10}},"loc":{"start":{"line":9,"column":10},"end":{"line":11,"column":3}}}},"branchMap":{},"s":{"0":1,"1":1,"2":1,"3":1,"4":1,"5":1,"6":1,"7":1},"f":{"0":1,"1":1},"b":{}}
,"/home/iut45/Etudiants/o22201947/Documents/Prog_Avance/realtime-elo-ranker/apps/realtime-elo-ranker-server/src/app.module.ts": {"path":"/home/iut45/Etudiants/o22201947/Documents/Prog_Avance/realtime-elo-ranker/apps/realtime-elo-ranker-server/src/app.module.ts","statementMap":{"0":{"start":{"line":1,"column":0},"end":{"line":1,"column":40}},"1":{"start":{"line":2,"column":0},"end":{"line":2,"column":48}},"2":{"start":{"line":3,"column":0},"end":{"line":3,"column":49}},"3":{"start":{"line":4,"column":0},"end":{"line":4,"column":59}},"4":{"start":{"line":5,"column":0},"end":{"line":5,"column":43}},"5":{"start":{"line":6,"column":0},"end":{"line":6,"column":54}},"6":{"start":{"line":7,"column":0},"end":{"line":7,"column":51}},"7":{"start":{"line":8,"column":0},"end":{"line":8,"column":57}},"8":{"start":{"line":9,"column":0},"end":{"line":9,"column":54}},"9":{"start":{"line":10,"column":0},"end":{"line":10,"column":57}},"10":{"start":{"line":28,"column":7},"end":{"line":28,"column":null}},"11":{"start":{"line":28,"column":13},"end":{"line":28,"column":22}},"12":{"start":{"line":28,"column":13},"end":{"line":28,"column":null}}},"fnMap":{},"branchMap":{},"s":{"0":0,"1":0,"2":0,"3":0,"4":0,"5":0,"6":0,"7":0,"8":0,"9":0,"10":0,"11":0,"12":0},"f":{},"b":{}}
,"/home/iut45/Etudiants/o22201947/Documents/Prog_Avance/realtime-elo-ranker/apps/realtime-elo-ranker-server/src/app.service.ts": {"path":"/home/iut45/Etudiants/o22201947/Documents/Prog_Avance/realtime-elo-ranker/apps/realtime-elo-ranker-server/src/app.service.ts","statementMap":{"0":{"start":{"line":1,"column":0},"end":{"line":1,"column":44}},"1":{"start":{"line":4,"column":7},"end":{"line":8,"column":null}},"2":{"start":{"line":6,"column":4},"end":{"line":6,"column":26}},"3":{"start":{"line":4,"column":13},"end":{"line":4,"column":23}},"4":{"start":{"line":4,"column":13},"end":{"line":8,"column":null}}},"fnMap":{"0":{"name":"(anonymous_1)","decl":{"start":{"line":5,"column":2},"end":{"line":5,"column":10}},"loc":{"start":{"line":5,"column":10},"end":{"line":7,"column":3}}}},"branchMap":{},"s":{"0":1,"1":1,"2":1,"3":1,"4":1},"f":{"0":1},"b":{}}
,"/home/iut45/Etudiants/o22201947/Documents/Prog_Avance/realtime-elo-ranker/apps/realtime-elo-ranker-server/src/main.ts": {"path":"/home/iut45/Etudiants/o22201947/Documents/Prog_Avance/realtime-elo-ranker/apps/realtime-elo-ranker-server/src/main.ts","statementMap":{"0":{"start":{"line":1,"column":0},"end":{"line":1,"column":43}},"1":{"start":{"line":2,"column":0},"end":{"line":2,"column":41}},"2":{"start":{"line":3,"column":0},"end":{"line":3,"column":47}},"3":{"start":{"line":7,"column":14},"end":{"line":11,"column":4}},"4":{"start":{"line":12,"column":2},"end":{"line":12,"column":19}},"5":{"start":{"line":13,"column":2},"end":{"line":13,"column":45}},"6":{"start":{"line":15,"column":0},"end":{"line":15,"column":12}}},"fnMap":{"0":{"name":"bootstrap","decl":{"start":{"line":6,"column":15},"end":{"line":6,"column":24}},"loc":{"start":{"line":6,"column":24},"end":{"line":14,"column":1}}}},"branchMap":{"0":{"loc":{"start":{"line":13,"column":19},"end":{"line":13,"column":43}},"type":"binary-expr","locations":[{"start":{"line":13,"column":19},"end":{"line":13,"column":35}},{"start":{"line":13,"column":39},"end":{"line":13,"column":43}}]}},"s":{"0":0,"1":0,"2":0,"3":0,"4":0,"5":0,"6":0},"f":{"0":0},"b":{"0":[0,0]}}
,"/home/iut45/Etudiants/o22201947/Documents/Prog_Avance/realtime-elo-ranker/apps/realtime-elo-ranker-server/src/match/match.controller.ts": {"path":"/home/iut45/Etudiants/o22201947/Documents/Prog_Avance/realtime-elo-ranker/apps/realtime-elo-ranker-server/src/match/match.controller.ts","statementMap":{"0":{"start":{"line":1,"column":0},"end":{"line":1,"column":83}},"1":{"start":{"line":2,"column":0},"end":{"line":2,"column":47}},"2":{"start":{"line":3,"column":0},"end":{"line":3,"column":56}},"3":{"start":{"line":4,"column":0},"end":{"line":4,"column":56}},"4":{"start":{"line":7,"column":7},"end":{"line":34,"column":null}},"5":{"start":{"line":8,"column":31},"end":{"line":8,"column":45}},"6":{"start":{"line":12,"column":4},"end":{"line":12,"column":52}},"7":{"start":{"line":17,"column":4},"end":{"line":17,"column":39}},"8":{"start":{"line":22,"column":4},"end":{"line":22,"column":41}},"9":{"start":{"line":27,"column":4},"end":{"line":27,"column":56}},"10":{"start":{"line":32,"column":4},"end":{"line":32,"column":40}},"11":{"start":{"line":7,"column":13},"end":{"line":7,"column":28}},"12":{"start":{"line":11,"column":2},"end":{"line":13,"column":null}},"13":{"start":{"line":16,"column":2},"end":{"line":18,"column":null}},"14":{"start":{"line":21,"column":2},"end":{"line":23,"column":null}},"15":{"start":{"line":26,"column":2},"end":{"line":28,"column":null}},"16":{"start":{"line":31,"column":2},"end":{"line":33,"column":null}},"17":{"start":{"line":7,"column":13},"end":{"line":34,"column":null}}},"fnMap":{"0":{"name":"(anonymous_4)","decl":{"start":{"line":8,"column":2},"end":{"line":8,"column":31}},"loc":{"start":{"line":8,"column":57},"end":{"line":8,"column":61}}},"1":{"name":"(anonymous_5)","decl":{"start":{"line":11,"column":2},"end":{"line":11,"column":8}},"loc":{"start":{"line":11,"column":47},"end":{"line":13,"column":3}}},"2":{"name":"(anonymous_6)","decl":{"start":{"line":16,"column":2},"end":{"line":16,"column":9}},"loc":{"start":{"line":16,"column":9},"end":{"line":18,"column":3}}},"3":{"name":"(anonymous_7)","decl":{"start":{"line":21,"column":2},"end":{"line":21,"column":9}},"loc":{"start":{"line":21,"column":33},"end":{"line":23,"column":3}}},"4":{"name":"(anonymous_8)","decl":{"start":{"line":26,"column":2},"end":{"line":26,"column":8}},"loc":{"start":{"line":26,"column":72},"end":{"line":28,"column":3}}},"5":{"name":"(anonymous_9)","decl":{"start":{"line":31,"column":2},"end":{"line":31,"column":8}},"loc":{"start":{"line":31,"column":32},"end":{"line":33,"column":3}}}},"branchMap":{},"s":{"0":1,"1":1,"2":1,"3":1,"4":1,"5":1,"6":0,"7":0,"8":0,"9":0,"10":0,"11":1,"12":1,"13":1,"14":1,"15":1,"16":1,"17":1},"f":{"0":1,"1":0,"2":0,"3":0,"4":0,"5":0},"b":{}}
,"/home/iut45/Etudiants/o22201947/Documents/Prog_Avance/realtime-elo-ranker/apps/realtime-elo-ranker-server/src/match/match.module.ts": {"path":"/home/iut45/Etudiants/o22201947/Documents/Prog_Avance/realtime-elo-ranker/apps/realtime-elo-ranker-server/src/match/match.module.ts","statementMap":{"0":{"start":{"line":1,"column":0},"end":{"line":1,"column":40}},"1":{"start":{"line":2,"column":0},"end":{"line":2,"column":48}},"2":{"start":{"line":3,"column":0},"end":{"line":3,"column":47}},"3":{"start":{"line":4,"column":0},"end":{"line":4,"column":53}},"4":{"start":{"line":5,"column":0},"end":{"line":5,"column":48}},"5":{"start":{"line":6,"column":0},"end":{"line":6,"column":59}},"6":{"start":{"line":7,"column":0},"end":{"line":7,"column":56}},"7":{"start":{"line":8,"column":0},"end":{"line":8,"column":59}},"8":{"start":{"line":19,"column":7},"end":{"line":19,"column":null}},"9":{"start":{"line":19,"column":13},"end":{"line":19,"column":24}},"10":{"start":{"line":19,"column":13},"end":{"line":19,"column":null}}},"fnMap":{},"branchMap":{},"s":{"0":0,"1":0,"2":0,"3":0,"4":0,"5":0,"6":0,"7":0,"8":0,"9":0,"10":0},"f":{},"b":{}}
,"/home/iut45/Etudiants/o22201947/Documents/Prog_Avance/realtime-elo-ranker/apps/realtime-elo-ranker-server/src/match/match.service.ts": {"path":"/home/iut45/Etudiants/o22201947/Documents/Prog_Avance/realtime-elo-ranker/apps/realtime-elo-ranker-server/src/match/match.service.ts","statementMap":{"0":{"start":{"line":1,"column":0},"end":{"line":1,"column":83}},"1":{"start":{"line":2,"column":0},"end":{"line":2,"column":51}},"2":{"start":{"line":3,"column":0},"end":{"line":3,"column":37}},"3":{"start":{"line":4,"column":0},"end":{"line":4,"column":48}},"4":{"start":{"line":7,"column":0},"end":{"line":7,"column":59}},"5":{"start":{"line":8,"column":0},"end":{"line":8,"column":61}},"6":{"start":{"line":12,"column":7},"end":{"line":132,"column":null}},"7":{"start":{"line":15,"column":21},"end":{"line":15,"column":38}},"8":{"start":{"line":18,"column":21},"end":{"line":18,"column":39}},"9":{"start":{"line":19,"column":21},"end":{"line":19,"column":37}},"10":{"start":{"line":23,"column":55},"end":{"line":23,"column":69}},"11":{"start":{"line":26,"column":19},"end":{"line":26,"column":83}},"12":{"start":{"line":27,"column":18},"end":{"line":27,"column":81}},"13":{"start":{"line":29,"column":4},"end":{"line":34,"column":5}},"14":{"start":{"line":30,"column":8},"end":{"line":33,"column":11}},"15":{"start":{"line":35,"column":4},"end":{"line":40,"column":5}},"16":{"start":{"line":36,"column":8},"end":{"line":39,"column":11}},"17":{"start":{"line":41,"column":4},"end":{"line":46,"column":5}},"18":{"start":{"line":42,"column":8},"end":{"line":45,"column":11}},"19":{"start":{"line":49,"column":21},"end":{"line":53,"column":6}},"20":{"start":{"line":55,"column":44},"end":{"line":58,"column":null}},"21":{"start":{"line":61,"column":4},"end":{"line":61,"column":32}},"22":{"start":{"line":62,"column":4},"end":{"line":62,"column":30}},"23":{"start":{"line":64,"column":4},"end":{"line":67,"column":7}},"24":{"start":{"line":68,"column":4},"end":{"line":71,"column":7}},"25":{"start":{"line":73,"column":4},"end":{"line":73,"column":39}},"26":{"start":{"line":74,"column":4},"end":{"line":74,"column":38}},"27":{"start":{"line":76,"column":4},"end":{"line":76,"column":53}},"28":{"start":{"line":81,"column":4},"end":{"line":81,"column":73}},"29":{"start":{"line":85,"column":18},"end":{"line":85,"column":103}},"30":{"start":{"line":86,"column":4},"end":{"line":88,"column":5}},"31":{"start":{"line":87,"column":8},"end":{"line":87,"column":69}},"32":{"start":{"line":89,"column":4},"end":{"line":89,"column":17}},"33":{"start":{"line":93,"column":18},"end":{"line":93,"column":40}},"34":{"start":{"line":96,"column":4},"end":{"line":96,"column":41}},"35":{"start":{"line":98,"column":4},"end":{"line":98,"column":44}},"36":{"start":{"line":102,"column":19},"end":{"line":102,"column":56}},"37":{"start":{"line":103,"column":4},"end":{"line":105,"column":5}},"38":{"start":{"line":104,"column":8},"end":{"line":104,"column":69}},"39":{"start":{"line":114,"column":14},"end":{"line":114,"column":16}},"40":{"start":{"line":116,"column":8},"end":{"line":116,"column":62}},"41":{"start":{"line":118,"column":8},"end":{"line":118,"column":62}},"42":{"start":{"line":122,"column":4},"end":{"line":128,"column":5}},"43":{"start":{"line":123,"column":6},"end":{"line":123,"column":74}},"44":{"start":{"line":124,"column":6},"end":{"line":124,"column":71}},"45":{"start":{"line":126,"column":6},"end":{"line":126,"column":72}},"46":{"start":{"line":127,"column":6},"end":{"line":127,"column":69}},"47":{"start":{"line":130,"column":4},"end":{"line":130,"column":43}},"48":{"start":{"line":12,"column":13},"end":{"line":12,"column":25}},"49":{"start":{"line":12,"column":13},"end":{"line":132,"column":null}}},"fnMap":{"0":{"name":"(anonymous_4)","decl":{"start":{"line":13,"column":0},"end":{"line":13,"column":null}},"loc":{"start":{"line":19,"column":51},"end":{"line":20,"column":8}}},"1":{"name":"(anonymous_5)","decl":{"start":{"line":22,"column":4},"end":{"line":22,"column":9}},"loc":{"start":{"line":22,"column":47},"end":{"line":78,"column":1}}},"2":{"name":"(anonymous_6)","decl":{"start":{"line":80,"column":4},"end":{"line":80,"column":9}},"loc":{"start":{"line":80,"column":17},"end":{"line":82,"column":5}}},"3":{"name":"(anonymous_7)","decl":{"start":{"line":84,"column":4},"end":{"line":84,"column":9}},"loc":{"start":{"line":84,"column":28},"end":{"line":90,"column":1}}},"4":{"name":"(anonymous_8)","decl":{"start":{"line":92,"column":4},"end":{"line":92,"column":9}},"loc":{"start":{"line":92,"column":59},"end":{"line":99,"column":1}}},"5":{"name":"(anonymous_9)","decl":{"start":{"line":101,"column":0},"end":{"line":101,"column":5}},"loc":{"start":{"line":101,"column":23},"end":{"line":106,"column":1}}},"6":{"name":"(anonymous_10)","decl":{"start":{"line":109,"column":8},"end":{"line":109,"column":20}},"loc":{"start":{"line":112,"column":25},"end":{"line":131,"column":1}}}},"branchMap":{"0":{"loc":{"start":{"line":29,"column":4},"end":{"line":34,"column":5}},"type":"if","locations":[{"start":{"line":29,"column":4},"end":{"line":34,"column":5}}]},"1":{"loc":{"start":{"line":35,"column":4},"end":{"line":40,"column":5}},"type":"if","locations":[{"start":{"line":35,"column":4},"end":{"line":40,"column":5}}]},"2":{"loc":{"start":{"line":41,"column":4},"end":{"line":46,"column":5}},"type":"if","locations":[{"start":{"line":41,"column":4},"end":{"line":46,"column":5}}]},"3":{"loc":{"start":{"line":86,"column":4},"end":{"line":88,"column":5}},"type":"if","locations":[{"start":{"line":86,"column":4},"end":{"line":88,"column":5}}]},"4":{"loc":{"start":{"line":103,"column":4},"end":{"line":105,"column":5}},"type":"if","locations":[{"start":{"line":103,"column":4},"end":{"line":105,"column":5}}]},"5":{"loc":{"start":{"line":112,"column":4},"end":{"line":112,"column":25}},"type":"default-arg","locations":[{"start":{"line":112,"column":20},"end":{"line":112,"column":25}}]},"6":{"loc":{"start":{"line":122,"column":4},"end":{"line":128,"column":5}},"type":"if","locations":[{"start":{"line":122,"column":4},"end":{"line":128,"column":5}},{"start":{"line":125,"column":11},"end":{"line":128,"column":5}}]}},"s":{"0":2,"1":2,"2":2,"3":2,"4":2,"5":2,"6":2,"7":2,"8":2,"9":2,"10":0,"11":0,"12":0,"13":0,"14":0,"15":0,"16":0,"17":0,"18":0,"19":0,"20":0,"21":0,"22":0,"23":0,"24":0,"25":0,"26":0,"27":0,"28":0,"29":0,"30":0,"31":0,"32":0,"33":0,"34":0,"35":0,"36":0,"37":0,"38":0,"39":0,"40":0,"41":0,"42":0,"43":0,"44":0,"45":0,"46":0,"47":0,"48":2,"49":2},"f":{"0":2,"1":0,"2":0,"3":0,"4":0,"5":0,"6":0},"b":{"0":[0],"1":[0],"2":[0],"3":[0],"4":[0],"5":[0],"6":[0,0]}}
,"/home/iut45/Etudiants/o22201947/Documents/Prog_Avance/realtime-elo-ranker/apps/realtime-elo-ranker-server/src/match/dto/create-match.dto.ts": {"path":"/home/iut45/Etudiants/o22201947/Documents/Prog_Avance/realtime-elo-ranker/apps/realtime-elo-ranker-server/src/match/dto/create-match.dto.ts","statementMap":{"0":{"start":{"line":2,"column":0},"end":{"line":2,"column":13}}},"fnMap":{},"branchMap":{},"s":{"0":1},"f":{},"b":{}}
,"/home/iut45/Etudiants/o22201947/Documents/Prog_Avance/realtime-elo-ranker/apps/realtime-elo-ranker-server/src/match/dto/update-match.dto.ts": {"path":"/home/iut45/Etudiants/o22201947/Documents/Prog_Avance/realtime-elo-ranker/apps/realtime-elo-ranker-server/src/match/dto/update-match.dto.ts","statementMap":{"0":{"start":{"line":1,"column":0},"end":{"line":1,"column":51}},"1":{"start":{"line":2,"column":0},"end":{"line":2,"column":52}},"2":{"start":{"line":4,"column":0},"end":{"line":4,"column":13}}},"fnMap":{},"branchMap":{},"s":{"0":1,"1":1,"2":1},"f":{},"b":{}}
,"/home/iut45/Etudiants/o22201947/Documents/Prog_Avance/realtime-elo-ranker/apps/realtime-elo-ranker-server/src/match/entities/match.entity.ts": {"path":"/home/iut45/Etudiants/o22201947/Documents/Prog_Avance/realtime-elo-ranker/apps/realtime-elo-ranker-server/src/match/entities/match.entity.ts","statementMap":{"0":{"start":{"line":1,"column":0},"end":{"line":1,"column":59}},"1":{"start":{"line":2,"column":0},"end":{"line":2,"column":65}},"2":{"start":{"line":5,"column":7},"end":{"line":18,"column":null}},"3":{"start":{"line":5,"column":13},"end":{"line":5,"column":18}},"4":{"start":{"line":8,"column":4},"end":{"line":8,"column":null}},"5":{"start":{"line":11,"column":4},"end":{"line":11,"column":null}},"6":{"start":{"line":10,"column":18},"end":{"line":10,"column":24}},"7":{"start":{"line":14,"column":4},"end":{"line":14,"column":null}},"8":{"start":{"line":13,"column":18},"end":{"line":13,"column":24}},"9":{"start":{"line":17,"column":4},"end":{"line":17,"column":null}},"10":{"start":{"line":5,"column":13},"end":{"line":18,"column":null}}},"fnMap":{"0":{"name":"(anonymous_2)","decl":{"start":{"line":10,"column":12},"end":{"line":10,"column":15}},"loc":{"start":{"line":10,"column":18},"end":{"line":10,"column":24}}},"1":{"name":"(anonymous_3)","decl":{"start":{"line":13,"column":12},"end":{"line":13,"column":15}},"loc":{"start":{"line":13,"column":18},"end":{"line":13,"column":24}}}},"branchMap":{},"s":{"0":2,"1":2,"2":2,"3":2,"4":2,"5":2,"6":0,"7":2,"8":0,"9":2,"10":2},"f":{"0":0,"1":0},"b":{}}
,"/home/iut45/Etudiants/o22201947/Documents/Prog_Avance/realtime-elo-ranker/apps/realtime-elo-ranker-server/src/player/player.controller.ts": {"path":"/home/iut45/Etudiants/o22201947/Documents/Prog_Avance/realtime-elo-ranker/apps/realtime-elo-ranker-server/src/player/player.controller.ts","statementMap":{"0":{"start":{"line":1,"column":0},"end":{"line":1,"column":83}},"1":{"start":{"line":2,"column":0},"end":{"line":2,"column":49}},"2":{"start":{"line":3,"column":0},"end":{"line":3,"column":58}},"3":{"start":{"line":4,"column":0},"end":{"line":4,"column":58}},"4":{"start":{"line":7,"column":7},"end":{"line":34,"column":null}},"5":{"start":{"line":8,"column":31},"end":{"line":8,"column":46}},"6":{"start":{"line":12,"column":4},"end":{"line":12,"column":54}},"7":{"start":{"line":17,"column":4},"end":{"line":17,"column":40}},"8":{"start":{"line":22,"column":4},"end":{"line":22,"column":42}},"9":{"start":{"line":27,"column":4},"end":{"line":27,"column":58}},"10":{"start":{"line":32,"column":4},"end":{"line":32,"column":41}},"11":{"start":{"line":7,"column":13},"end":{"line":7,"column":29}},"12":{"start":{"line":11,"column":2},"end":{"line":13,"column":null}},"13":{"start":{"line":16,"column":2},"end":{"line":18,"column":null}},"14":{"start":{"line":21,"column":2},"end":{"line":23,"column":null}},"15":{"start":{"line":26,"column":2},"end":{"line":28,"column":null}},"16":{"start":{"line":31,"column":2},"end":{"line":33,"column":null}},"17":{"start":{"line":7,"column":13},"end":{"line":34,"column":null}}},"fnMap":{"0":{"name":"(anonymous_4)","decl":{"start":{"line":8,"column":2},"end":{"line":8,"column":31}},"loc":{"start":{"line":8,"column":59},"end":{"line":8,"column":63}}},"1":{"name":"(anonymous_5)","decl":{"start":{"line":11,"column":2},"end":{"line":11,"column":8}},"loc":{"start":{"line":11,"column":49},"end":{"line":13,"column":3}}},"2":{"name":"(anonymous_6)","decl":{"start":{"line":16,"column":2},"end":{"line":16,"column":9}},"loc":{"start":{"line":16,"column":9},"end":{"line":18,"column":3}}},"3":{"name":"(anonymous_7)","decl":{"start":{"line":21,"column":2},"end":{"line":21,"column":9}},"loc":{"start":{"line":21,"column":33},"end":{"line":23,"column":3}}},"4":{"name":"(anonymous_8)","decl":{"start":{"line":26,"column":2},"end":{"line":26,"column":8}},"loc":{"start":{"line":26,"column":74},"end":{"line":28,"column":3}}},"5":{"name":"(anonymous_9)","decl":{"start":{"line":31,"column":2},"end":{"line":31,"column":8}},"loc":{"start":{"line":31,"column":32},"end":{"line":33,"column":3}}}},"branchMap":{},"s":{"0":1,"1":1,"2":1,"3":1,"4":1,"5":1,"6":0,"7":0,"8":0,"9":0,"10":0,"11":1,"12":1,"13":1,"14":1,"15":1,"16":1,"17":1},"f":{"0":1,"1":0,"2":0,"3":0,"4":0,"5":0},"b":{}}
,"/home/iut45/Etudiants/o22201947/Documents/Prog_Avance/realtime-elo-ranker/apps/realtime-elo-ranker-server/src/player/player.module.ts": {"path":"/home/iut45/Etudiants/o22201947/Documents/Prog_Avance/realtime-elo-ranker/apps/realtime-elo-ranker-server/src/player/player.module.ts","statementMap":{"0":{"start":{"line":1,"column":0},"end":{"line":1,"column":40}},"1":{"start":{"line":2,"column":0},"end":{"line":2,"column":48}},"2":{"start":{"line":3,"column":0},"end":{"line":3,"column":49}},"3":{"start":{"line":4,"column":0},"end":{"line":4,"column":55}},"4":{"start":{"line":5,"column":0},"end":{"line":5,"column":50}},"5":{"start":{"line":6,"column":0},"end":{"line":6,"column":59}},"6":{"start":{"line":14,"column":7},"end":{"line":14,"column":null}},"7":{"start":{"line":14,"column":13},"end":{"line":14,"column":25}},"8":{"start":{"line":14,"column":13},"end":{"line":14,"column":null}}},"fnMap":{},"branchMap":{},"s":{"0":0,"1":0,"2":0,"3":0,"4":0,"5":0,"6":0,"7":0,"8":0},"f":{},"b":{}}
,"/home/iut45/Etudiants/o22201947/Documents/Prog_Avance/realtime-elo-ranker/apps/realtime-elo-ranker-server/src/player/player.service.ts": {"path":"/home/iut45/Etudiants/o22201947/Documents/Prog_Avance/realtime-elo-ranker/apps/realtime-elo-ranker-server/src/player/player.service.ts","statementMap":{"0":{"start":{"line":1,"column":0},"end":{"line":1,"column":61}},"1":{"start":{"line":2,"column":0},"end":{"line":2,"column":84}},"2":{"start":{"line":3,"column":0},"end":{"line":3,"column":51}},"3":{"start":{"line":4,"column":0},"end":{"line":4,"column":37}},"4":{"start":{"line":7,"column":0},"end":{"line":7,"column":50}},"5":{"start":{"line":10,"column":7},"end":{"line":75,"column":null}},"6":{"start":{"line":14,"column":21},"end":{"line":14,"column":39}},"7":{"start":{"line":15,"column":21},"end":{"line":15,"column":37}},"8":{"start":{"line":20,"column":19},"end":{"line":20,"column":34}},"9":{"start":{"line":23,"column":27},"end":{"line":23,"column":85}},"10":{"start":{"line":24,"column":4},"end":{"line":29,"column":5}},"11":{"start":{"line":25,"column":6},"end":{"line":28,"column":7}},"12":{"start":{"line":32,"column":20},"end":{"line":32,"column":54}},"13":{"start":{"line":33,"column":22},"end":{"line":33,"column":75}},"14":{"start":{"line":33,"column":54},"end":{"line":33,"column":71}},"15":{"start":{"line":34,"column":24},"end":{"line":34,"column":71}},"16":{"start":{"line":35,"column":22},"end":{"line":35,"column":33}},"17":{"start":{"line":37,"column":22},"end":{"line":40,"column":6}},"18":{"start":{"line":42,"column":4},"end":{"line":45,"column":5}},"19":{"start":{"line":47,"column":4},"end":{"line":47,"column":55}},"20":{"start":{"line":51,"column":4},"end":{"line":51,"column":40}},"21":{"start":{"line":55,"column":19},"end":{"line":55,"column":73}},"22":{"start":{"line":56,"column":4},"end":{"line":58,"column":5}},"23":{"start":{"line":57,"column":6},"end":{"line":57,"column":68}},"24":{"start":{"line":59,"column":4},"end":{"line":59,"column":18}},"25":{"start":{"line":63,"column":19},"end":{"line":63,"column":41}},"26":{"start":{"line":65,"column":4},"end":{"line":65,"column":43}},"27":{"start":{"line":66,"column":4},"end":{"line":66,"column":46}},"28":{"start":{"line":70,"column":19},"end":{"line":70,"column":57}},"29":{"start":{"line":71,"column":4},"end":{"line":73,"column":5}},"30":{"start":{"line":72,"column":6},"end":{"line":72,"column":68}},"31":{"start":{"line":10,"column":13},"end":{"line":10,"column":26}},"32":{"start":{"line":10,"column":13},"end":{"line":75,"column":null}}},"fnMap":{"0":{"name":"(anonymous_4)","decl":{"start":{"line":12,"column":2},"end":{"line":12,"column":null}},"loc":{"start":{"line":15,"column":51},"end":{"line":16,"column":6}}},"1":{"name":"(anonymous_5)","decl":{"start":{"line":18,"column":2},"end":{"line":18,"column":7}},"loc":{"start":{"line":18,"column":47},"end":{"line":48,"column":3}}},"2":{"name":"(anonymous_6)","decl":{"start":{"line":33,"column":37},"end":{"line":33,"column":38}},"loc":{"start":{"line":33,"column":54},"end":{"line":33,"column":71}}},"3":{"name":"(anonymous_7)","decl":{"start":{"line":50,"column":2},"end":{"line":50,"column":7}},"loc":{"start":{"line":50,"column":15},"end":{"line":52,"column":3}}},"4":{"name":"(anonymous_8)","decl":{"start":{"line":54,"column":2},"end":{"line":54,"column":7}},"loc":{"start":{"line":54,"column":26},"end":{"line":60,"column":3}}},"5":{"name":"(anonymous_9)","decl":{"start":{"line":62,"column":2},"end":{"line":62,"column":7}},"loc":{"start":{"line":62,"column":59},"end":{"line":67,"column":3}}},"6":{"name":"(anonymous_10)","decl":{"start":{"line":69,"column":2},"end":{"line":69,"column":7}},"loc":{"start":{"line":69,"column":25},"end":{"line":74,"column":3}}}},"branchMap":{"0":{"loc":{"start":{"line":24,"column":4},"end":{"line":29,"column":5}},"type":"if","locations":[{"start":{"line":24,"column":4},"end":{"line":29,"column":5}}]},"1":{"loc":{"start":{"line":34,"column":24},"end":{"line":34,"column":71}},"type":"cond-expr","locations":[{"start":{"line":34,"column":41},"end":{"line":34,"column":67}},{"start":{"line":34,"column":70},"end":{"line":34,"column":71}}]},"2":{"loc":{"start":{"line":56,"column":4},"end":{"line":58,"column":5}},"type":"if","locations":[{"start":{"line":56,"column":4},"end":{"line":58,"column":5}}]},"3":{"loc":{"start":{"line":71,"column":4},"end":{"line":73,"column":5}},"type":"if","locations":[{"start":{"line":71,"column":4},"end":{"line":73,"column":5}}]}},"s":{"0":2,"1":2,"2":2,"3":2,"4":2,"5":2,"6":11,"7":11,"8":2,"9":2,"10":2,"11":1,"12":1,"13":1,"14":0,"15":1,"16":1,"17":1,"18":1,"19":1,"20":1,"21":2,"22":2,"23":1,"24":1,"25":2,"26":1,"27":1,"28":2,"29":2,"30":1,"31":2,"32":2},"f":{"0":11,"1":2,"2":0,"3":1,"4":2,"5":2,"6":2},"b":{"0":[1],"1":[0,1],"2":[1],"3":[1]}}
,"/home/iut45/Etudiants/o22201947/Documents/Prog_Avance/realtime-elo-ranker/apps/realtime-elo-ranker-server/src/player/dto/create-player.dto.ts": {"path":"/home/iut45/Etudiants/o22201947/Documents/Prog_Avance/realtime-elo-ranker/apps/realtime-elo-ranker-server/src/player/dto/create-player.dto.ts","statementMap":{"0":{"start":{"line":6,"column":5},"end":{"line":6,"column":18}},"1":{"start":{"line":7,"column":5},"end":{"line":7,"column":22}},"2":{"start":{"line":1,"column":0},"end":{"line":1,"column":13}}},"fnMap":{"0":{"name":"(anonymous_0)","decl":{"start":{"line":5,"column":4},"end":{"line":5,"column":16}},"loc":{"start":{"line":5,"column":40},"end":{"line":8,"column":5}}}},"branchMap":{},"s":{"0":0,"1":0,"2":1},"f":{"0":0},"b":{}}
,"/home/iut45/Etudiants/o22201947/Documents/Prog_Avance/realtime-elo-ranker/apps/realtime-elo-ranker-server/src/player/dto/update-player.dto.ts": {"path":"/home/iut45/Etudiants/o22201947/Documents/Prog_Avance/realtime-elo-ranker/apps/realtime-elo-ranker-server/src/player/dto/update-player.dto.ts","statementMap":{"0":{"start":{"line":1,"column":0},"end":{"line":1,"column":51}},"1":{"start":{"line":2,"column":0},"end":{"line":2,"column":54}},"2":{"start":{"line":4,"column":0},"end":{"line":4,"column":13}}},"fnMap":{},"branchMap":{},"s":{"0":1,"1":1,"2":1},"f":{},"b":{}}
,"/home/iut45/Etudiants/o22201947/Documents/Prog_Avance/realtime-elo-ranker/apps/realtime-elo-ranker-server/src/player/entities/player.entity.ts": {"path":"/home/iut45/Etudiants/o22201947/Documents/Prog_Avance/realtime-elo-ranker/apps/realtime-elo-ranker-server/src/player/entities/player.entity.ts","statementMap":{"0":{"start":{"line":1,"column":0},"end":{"line":1,"column":56}},"1":{"start":{"line":4,"column":7},"end":{"line":10,"column":null}},"2":{"start":{"line":4,"column":13},"end":{"line":4,"column":19}},"3":{"start":{"line":7,"column":4},"end":{"line":7,"column":null}},"4":{"start":{"line":9,"column":4},"end":{"line":9,"column":null}},"5":{"start":{"line":4,"column":13},"end":{"line":10,"column":null}}},"fnMap":{},"branchMap":{},"s":{"0":6,"1":6,"2":6,"3":6,"4":6,"5":6},"f":{},"b":{}}
,"/home/iut45/Etudiants/o22201947/Documents/Prog_Avance/realtime-elo-ranker/apps/realtime-elo-ranker-server/src/ranking/ranking.controller.ts": {"path":"/home/iut45/Etudiants/o22201947/Documents/Prog_Avance/realtime-elo-ranker/apps/realtime-elo-ranker-server/src/ranking/ranking.controller.ts","statementMap":{"0":{"start":{"line":1,"column":0},"end":{"line":1,"column":96}},"1":{"start":{"line":2,"column":0},"end":{"line":2,"column":51}},"2":{"start":{"line":3,"column":0},"end":{"line":3,"column":60}},"3":{"start":{"line":4,"column":0},"end":{"line":4,"column":60}},"4":{"start":{"line":5,"column":0},"end":{"line":5,"column":34}},"5":{"start":{"line":8,"column":30},"end":{"line":42,"column":null}},"6":{"start":{"line":11,"column":31},"end":{"line":11,"column":47}},"7":{"start":{"line":9,"column":19},"end":{"line":9,"column":63}},"8":{"start":{"line":15,"column":4},"end":{"line":15,"column":51}},"9":{"start":{"line":20,"column":4},"end":{"line":20,"column":56}},"10":{"start":{"line":25,"column":4},"end":{"line":25,"column":41}},"11":{"start":{"line":30,"column":4},"end":{"line":30,"column":44}},"12":{"start":{"line":35,"column":4},"end":{"line":35,"column":61}},"13":{"start":{"line":40,"column":4},"end":{"line":40,"column":43}},"14":{"start":{"line":8,"column":13},"end":{"line":8,"column":30}},"15":{"start":{"line":14,"column":2},"end":{"line":16,"column":null}},"16":{"start":{"line":19,"column":2},"end":{"line":21,"column":null}},"17":{"start":{"line":24,"column":2},"end":{"line":26,"column":null}},"18":{"start":{"line":29,"column":2},"end":{"line":31,"column":null}},"19":{"start":{"line":34,"column":2},"end":{"line":36,"column":null}},"20":{"start":{"line":39,"column":2},"end":{"line":41,"column":null}},"21":{"start":{"line":8,"column":13},"end":{"line":42,"column":null}}},"fnMap":{"0":{"name":"(anonymous_4)","decl":{"start":{"line":11,"column":2},"end":{"line":11,"column":31}},"loc":{"start":{"line":11,"column":61},"end":{"line":11,"column":65}}},"1":{"name":"(anonymous_5)","decl":{"start":{"line":14,"column":2},"end":{"line":14,"column":27}},"loc":{"start":{"line":14,"column":27},"end":{"line":16,"column":3}}},"2":{"name":"(anonymous_6)","decl":{"start":{"line":19,"column":2},"end":{"line":19,"column":8}},"loc":{"start":{"line":19,"column":51},"end":{"line":21,"column":3}}},"3":{"name":"(anonymous_7)","decl":{"start":{"line":24,"column":2},"end":{"line":24,"column":9}},"loc":{"start":{"line":24,"column":9},"end":{"line":26,"column":3}}},"4":{"name":"(anonymous_8)","decl":{"start":{"line":29,"column":2},"end":{"line":29,"column":9}},"loc":{"start":{"line":29,"column":33},"end":{"line":31,"column":3}}},"5":{"name":"(anonymous_9)","decl":{"start":{"line":34,"column":2},"end":{"line":34,"column":8}},"loc":{"start":{"line":34,"column":76},"end":{"line":36,"column":3}}},"6":{"name":"(anonymous_10)","decl":{"start":{"line":39,"column":2},"end":{"line":39,"column":8}},"loc":{"start":{"line":39,"column":32},"end":{"line":41,"column":3}}}},"branchMap":{},"s":{"0":1,"1":1,"2":1,"3":1,"4":1,"5":1,"6":1,"7":1,"8":0,"9":0,"10":0,"11":0,"12":0,"13":0,"14":1,"15":1,"16":1,"17":1,"18":1,"19":1,"20":1,"21":1},"f":{"0":1,"1":0,"2":0,"3":0,"4":0,"5":0,"6":0},"b":{}}
,"/home/iut45/Etudiants/o22201947/Documents/Prog_Avance/realtime-elo-ranker/apps/realtime-elo-ranker-server/src/ranking/ranking.module.ts": {"path":"/home/iut45/Etudiants/o22201947/Documents/Prog_Avance/realtime-elo-ranker/apps/realtime-elo-ranker-server/src/ranking/ranking.module.ts","statementMap":{"0":{"start":{"line":1,"column":0},"end":{"line":1,"column":40}},"1":{"start":{"line":2,"column":0},"end":{"line":2,"column":51}},"2":{"start":{"line":3,"column":0},"end":{"line":3,"column":57}},"3":{"start":{"line":4,"column":0},"end":{"line":4,"column":48}},"4":{"start":{"line":5,"column":0},"end":{"line":5,"column":58}},"5":{"start":{"line":15,"column":7},"end":{"line":15,"column":null}},"6":{"start":{"line":15,"column":13},"end":{"line":15,"column":26}},"7":{"start":{"line":15,"column":13},"end":{"line":15,"column":null}}},"fnMap":{},"branchMap":{},"s":{"0":0,"1":0,"2":0,"3":0,"4":0,"5":0,"6":0,"7":0},"f":{},"b":{}}
,"/home/iut45/Etudiants/o22201947/Documents/Prog_Avance/realtime-elo-ranker/apps/realtime-elo-ranker-server/src/ranking/ranking.service.ts": {"path":"/home/iut45/Etudiants/o22201947/Documents/Prog_Avance/realtime-elo-ranker/apps/realtime-elo-ranker-server/src/ranking/ranking.service.ts","statementMap":{"0":{"start":{"line":1,"column":0},"end":{"line":1,"column":52}},"1":{"start":{"line":8,"column":0},"end":{"line":8,"column":59}},"2":{"start":{"line":9,"column":0},"end":{"line":9,"column":51}},"3":{"start":{"line":10,"column":0},"end":{"line":10,"column":37}},"4":{"start":{"line":11,"column":0},"end":{"line":11,"column":46}},"5":{"start":{"line":12,"column":0},"end":{"line":12,"column":45}},"6":{"start":{"line":13,"column":0},"end":{"line":13,"column":37}},"7":{"start":{"line":16,"column":27},"end":{"line":64,"column":null}},"8":{"start":{"line":21,"column":21},"end":{"line":21,"column":39}},"9":{"start":{"line":22,"column":21},"end":{"line":22,"column":35}},"10":{"start":{"line":17,"column":19},"end":{"line":17,"column":56}},"11":{"start":{"line":18,"column":19},"end":{"line":18,"column":60}},"12":{"start":{"line":26,"column":4},"end":{"line":26,"column":44}},"13":{"start":{"line":30,"column":4},"end":{"line":30,"column":67}},"14":{"start":{"line":34,"column":4},"end":{"line":34,"column":50}},"15":{"start":{"line":38,"column":4},"end":{"line":38,"column":50}},"16":{"start":{"line":42,"column":4},"end":{"line":42,"column":50}},"17":{"start":{"line":46,"column":4},"end":{"line":58,"column":6}},"18":{"start":{"line":48,"column":28},"end":{"line":51,"column":10}},"19":{"start":{"line":52,"column":8},"end":{"line":56,"column":11}},"20":{"start":{"line":62,"column":4},"end":{"line":62,"column":54}},"21":{"start":{"line":16,"column":13},"end":{"line":16,"column":27}},"22":{"start":{"line":16,"column":13},"end":{"line":64,"column":null}}},"fnMap":{"0":{"name":"(anonymous_4)","decl":{"start":{"line":19,"column":2},"end":{"line":19,"column":null}},"loc":{"start":{"line":22,"column":48},"end":{"line":23,"column":6}}},"1":{"name":"(anonymous_5)","decl":{"start":{"line":25,"column":2},"end":{"line":25,"column":8}},"loc":{"start":{"line":25,"column":43},"end":{"line":27,"column":3}}},"2":{"name":"(anonymous_6)","decl":{"start":{"line":29,"column":2},"end":{"line":29,"column":9}},"loc":{"start":{"line":29,"column":9},"end":{"line":31,"column":3}}},"3":{"name":"(anonymous_7)","decl":{"start":{"line":33,"column":2},"end":{"line":33,"column":9}},"loc":{"start":{"line":33,"column":20},"end":{"line":35,"column":3}}},"4":{"name":"(anonymous_8)","decl":{"start":{"line":37,"column":2},"end":{"line":37,"column":8}},"loc":{"start":{"line":37,"column":55},"end":{"line":39,"column":3}}},"5":{"name":"(anonymous_9)","decl":{"start":{"line":41,"column":2},"end":{"line":41,"column":8}},"loc":{"start":{"line":41,"column":19},"end":{"line":43,"column":3}}},"6":{"name":"(anonymous_10)","decl":{"start":{"line":45,"column":2},"end":{"line":45,"column":19}},"loc":{"start":{"line":45,"column":19},"end":{"line":59,"column":3}}},"7":{"name":"(anonymous_11)","decl":{"start":{"line":47,"column":10},"end":{"line":47,"column":16}},"loc":{"start":{"line":47,"column":19},"end":{"line":57,"column":7}}},"8":{"name":"(anonymous_12)","decl":{"start":{"line":61,"column":2},"end":{"line":61,"column":19}},"loc":{"start":{"line":61,"column":56},"end":{"line":63,"column":3}}}},"branchMap":{},"s":{"0":6,"1":6,"2":6,"3":6,"4":6,"5":6,"6":6,"7":6,"8":2,"9":2,"10":2,"11":2,"12":0,"13":0,"14":0,"15":0,"16":0,"17":0,"18":0,"19":0,"20":0,"21":6,"22":6},"f":{"0":2,"1":0,"2":0,"3":0,"4":0,"5":0,"6":0,"7":0,"8":0},"b":{}}
,"/home/iut45/Etudiants/o22201947/Documents/Prog_Avance/realtime-elo-ranker/apps/realtime-elo-ranker-server/src/ranking/dto/create-ranking.dto.ts": {"path":"/home/iut45/Etudiants/o22201947/Documents/Prog_Avance/realtime-elo-ranker/apps/realtime-elo-ranker-server/src/ranking/dto/create-ranking.dto.ts","statementMap":{"0":{"start":{"line":1,"column":0},"end":{"line":1,"column":13}}},"fnMap":{},"branchMap":{},"s":{"0":1},"f":{},"b":{}}
,"/home/iut45/Etudiants/o22201947/Documents/Prog_Avance/realtime-elo-ranker/apps/realtime-elo-ranker-server/src/ranking/dto/update-ranking.dto.ts": {"path":"/home/iut45/Etudiants/o22201947/Documents/Prog_Avance/realtime-elo-ranker/apps/realtime-elo-ranker-server/src/ranking/dto/update-ranking.dto.ts","statementMap":{"0":{"start":{"line":1,"column":0},"end":{"line":1,"column":51}},"1":{"start":{"line":2,"column":0},"end":{"line":2,"column":56}},"2":{"start":{"line":4,"column":0},"end":{"line":4,"column":13}}},"fnMap":{},"branchMap":{},"s":{"0":1,"1":1,"2":1},"f":{},"b":{}}
,"/home/iut45/Etudiants/o22201947/Documents/Prog_Avance/realtime-elo-ranker/apps/realtime-elo-ranker-server/src/ranking/entities/ranking.entity.ts": {"path":"/home/iut45/Etudiants/o22201947/Documents/Prog_Avance/realtime-elo-ranker/apps/realtime-elo-ranker-server/src/ranking/entities/ranking.entity.ts","statementMap":{"0":{"start":{"line":1,"column":0},"end":{"line":1,"column":13}}},"fnMap":{},"branchMap":{},"s":{"0":0},"f":{},"b":{}}
}
